<?xml version="1.0" encoding="UTF-8"?>
<testsuite xmlns:xsi="http://www.w3.org/2001/XMLSchema-instance" xsi:noNamespaceSchemaLocation="https://maven.apache.org/surefire/maven-surefire-plugin/xsd/surefire-test-report.xsd" version="3.0.2" name="com.cleancode.service.StudentServiceImplTest" time="1.22" tests="10" errors="0" skipped="0" failures="0">
  <properties>
[...]
</properties>
  <testcase name="updateStudentRejectsUnknownStudent" classname="com.cleancode.service.StudentServiceImplTest" time="1.142"/>
  <testcase name="deleteStudentRejectsUnknownStudent" classname="com.cleancode.service.StudentServiceImplTest" time="0.003"/>
  <testcase name="findStudentReturnsExistingStudent" classname="com.cleancode.service.StudentServiceImplTest" time="0.014"/>
  <testcase name="updateStudentChangesExistingStudent" classname="com.cleancode.service.StudentServiceImplTest" time="0.014"/>
  <testcase name="findAllStudentsReturnsAllStudentsInIdOrder" classname="com.cleancode.service.StudentServiceImplTest" time="0.003"/>
  <testcase name="findStudentReturnsNullWhenStudentDoesNotExist" classname="com.cleancode.service.StudentServiceImplTest" time="0.003"/>
  <testcase name="findAllStudentsReturnsEmptyListWhenThereAreNoStudents" classname="com.cleancode.service.StudentServiceImplTest" time="0.003"/>
  <testcase name="addStudentStoresNewStudent" classname="com.cleancode.service.StudentServiceImplTest" time="0.002"/>
  <testcase name="addStudentRejectsDuplicateId" classname="com.cleancode.service.StudentServiceImplTest" time="0.003"/>
  <testcase name="deleteStudentRemovesExistingStudent" classname="com.cleancode.service.StudentServiceImplTest" time="0.002"/>
</testsuite>